2023-04-03T11:35:17+00:00 CRITICAL Maximum execution time of 120 seconds exceeded in C:\xampp\htdocs\wordpress\wp-content\plugins\woocommerce\includes\gateways\paypal\class-wc-gateway-paypal.php on line 15

2023-04-03T11:35:26+00:00 CRITICAL Maximum execution time of 120 seconds exceeded in C:\xampp\htdocs\wordpress\wp-content\plugins\elementor\modules\landing-pages\admin-menu-items\landing-pages-menu-item.php on line 7

2023-04-03T12:49:16+00:00 CRITICAL Uncaught Error: Call to a member function enqueue_styles() on null in C:\xampp\htdocs\wordpress\wp-content\plugins\header-footer-elementor\inc\class-header-footer-elementor.php:385
Stack trace:
#0 C:\xampp\htdocs\wordpress\wp-includes\class-wp-hook.php(308): Header_Footer_Elementor->enqueue_scripts('')
#1 C:\xampp\htdocs\wordpress\wp-includes\class-wp-hook.php(332): WP_Hook->apply_filters(NULL, Array)
#2 C:\xampp\htdocs\wordpress\wp-includes\plugin.php(517): WP_Hook->do_action(Array)
#3 C:\xampp\htdocs\wordpress\wp-includes\script-loader.php(2194): do_action('wp_enqueue_scri...')
#4 C:\xampp\htdocs\wordpress\wp-includes\class-wp-customize-manager.php(455): wp_enqueue_scripts()
#5 C:\xampp\htdocs\wordpress\wp-includes\class-wp-customize-manager.php(552): WP_Customize_Manager->wp_die(0, 'Non-existent ch...')
#6 C:\xampp\htdocs\wordpress\wp-includes\class-wp-hook.php(308): WP_Customize_Manager->setup_theme('')
#7 C:\xampp\htdocs\wordpress\wp-includes\class-wp-hook.php(332): WP_Hook->apply_filters(NULL, Array)
#8 C:\xampp\htdocs\wordpress\wp-includes\plugin.php(517): WP_Hook->do_action(Array)
#9 C:\xampp\htdocs\wordpress\wp-settings.php(555): do_action('setup_theme')
#10 C:\xampp\htdocs\wordpress\wp-config.php(96): require_once('C:\\xampp\\htdocs...')
#11 C:\xampp\htdocs\wordpress\wp-load.php(50): require_once('C:\\xampp\\htdocs...')
#12 C:\xampp\htdocs\wordpress\wp-blog-header.php(13): require_once('C:\\xampp\\htdocs...')
#13 C:\xampp\htdocs\wordpress\index.php(17): require('C:\\xampp\\htdocs...')
#14 {main}
  thrown in C:\xampp\htdocs\wordpress\wp-content\plugins\header-footer-elementor\inc\class-header-footer-elementor.php on line 385

2023-04-03T19:52:29+00:00 CRITICAL Uncaught Error: Call to a member function enqueue_styles() on null in C:\xampp\htdocs\wordpress\wp-content\plugins\header-footer-elementor\inc\class-header-footer-elementor.php:385
Stack trace:
#0 C:\xampp\htdocs\wordpress\wp-includes\class-wp-hook.php(308): Header_Footer_Elementor->enqueue_scripts('')
#1 C:\xampp\htdocs\wordpress\wp-includes\class-wp-hook.php(332): WP_Hook->apply_filters(NULL, Array)
#2 C:\xampp\htdocs\wordpress\wp-includes\plugin.php(517): WP_Hook->do_action(Array)
#3 C:\xampp\htdocs\wordpress\wp-includes\script-loader.php(2194): do_action('wp_enqueue_scri...')
#4 C:\xampp\htdocs\wordpress\wp-includes\class-wp-customize-manager.php(455): wp_enqueue_scripts()
#5 C:\xampp\htdocs\wordpress\wp-includes\class-wp-customize-manager.php(552): WP_Customize_Manager->wp_die(0, 'Non-existent ch...')
#6 C:\xampp\htdocs\wordpress\wp-includes\class-wp-hook.php(308): WP_Customize_Manager->setup_theme('')
#7 C:\xampp\htdocs\wordpress\wp-includes\class-wp-hook.php(332): WP_Hook->apply_filters(NULL, Array)
#8 C:\xampp\htdocs\wordpress\wp-includes\plugin.php(517): WP_Hook->do_action(Array)
#9 C:\xampp\htdocs\wordpress\wp-settings.php(555): do_action('setup_theme')
#10 C:\xampp\htdocs\wordpress\wp-config.php(96): require_once('C:\\xampp\\htdocs...')
#11 C:\xampp\htdocs\wordpress\wp-load.php(50): require_once('C:\\xampp\\htdocs...')
#12 C:\xampp\htdocs\wordpress\wp-blog-header.php(13): require_once('C:\\xampp\\htdocs...')
#13 C:\xampp\htdocs\wordpress\index.php(17): require('C:\\xampp\\htdocs...')
#14 {main}
  thrown in C:\xampp\htdocs\wordpress\wp-content\plugins\header-footer-elementor\inc\class-header-footer-elementor.php on line 385

2023-04-03T19:52:40+00:00 CRITICAL Uncaught Error: Call to a member function enqueue_styles() on null in C:\xampp\htdocs\wordpress\wp-content\plugins\header-footer-elementor\inc\class-header-footer-elementor.php:385
Stack trace:
#0 C:\xampp\htdocs\wordpress\wp-includes\class-wp-hook.php(308): Header_Footer_Elementor->enqueue_scripts('')
#1 C:\xampp\htdocs\wordpress\wp-includes\class-wp-hook.php(332): WP_Hook->apply_filters(NULL, Array)
#2 C:\xampp\htdocs\wordpress\wp-includes\plugin.php(517): WP_Hook->do_action(Array)
#3 C:\xampp\htdocs\wordpress\wp-includes\script-loader.php(2194): do_action('wp_enqueue_scri...')
#4 C:\xampp\htdocs\wordpress\wp-includes\class-wp-customize-manager.php(455): wp_enqueue_scripts()
#5 C:\xampp\htdocs\wordpress\wp-includes\class-wp-customize-manager.php(552): WP_Customize_Manager->wp_die(0, 'Non-existent ch...')
#6 C:\xampp\htdocs\wordpress\wp-includes\class-wp-hook.php(308): WP_Customize_Manager->setup_theme('')
#7 C:\xampp\htdocs\wordpress\wp-includes\class-wp-hook.php(332): WP_Hook->apply_filters(NULL, Array)
#8 C:\xampp\htdocs\wordpress\wp-includes\plugin.php(517): WP_Hook->do_action(Array)
#9 C:\xampp\htdocs\wordpress\wp-settings.php(555): do_action('setup_theme')
#10 C:\xampp\htdocs\wordpress\wp-config.php(96): require_once('C:\\xampp\\htdocs...')
#11 C:\xampp\htdocs\wordpress\wp-load.php(50): require_once('C:\\xampp\\htdocs...')
#12 C:\xampp\htdocs\wordpress\wp-blog-header.php(13): require_once('C:\\xampp\\htdocs...')
#13 C:\xampp\htdocs\wordpress\index.php(17): require('C:\\xampp\\htdocs...')
#14 {main}
  thrown in C:\xampp\htdocs\wordpress\wp-content\plugins\header-footer-elementor\inc\class-header-footer-elementor.php on line 385

2023-04-03T19:52:52+00:00 CRITICAL Uncaught Error: Call to a member function enqueue_styles() on null in C:\xampp\htdocs\wordpress\wp-content\plugins\header-footer-elementor\inc\class-header-footer-elementor.php:385
Stack trace:
#0 C:\xampp\htdocs\wordpress\wp-includes\class-wp-hook.php(308): Header_Footer_Elementor->enqueue_scripts('')
#1 C:\xampp\htdocs\wordpress\wp-includes\class-wp-hook.php(332): WP_Hook->apply_filters(NULL, Array)
#2 C:\xampp\htdocs\wordpress\wp-includes\plugin.php(517): WP_Hook->do_action(Array)
#3 C:\xampp\htdocs\wordpress\wp-includes\script-loader.php(2194): do_action('wp_enqueue_scri...')
#4 C:\xampp\htdocs\wordpress\wp-includes\class-wp-customize-manager.php(455): wp_enqueue_scripts()
#5 C:\xampp\htdocs\wordpress\wp-includes\class-wp-customize-manager.php(552): WP_Customize_Manager->wp_die(0, 'Non-existent ch...')
#6 C:\xampp\htdocs\wordpress\wp-includes\class-wp-hook.php(308): WP_Customize_Manager->setup_theme('')
#7 C:\xampp\htdocs\wordpress\wp-includes\class-wp-hook.php(332): WP_Hook->apply_filters(NULL, Array)
#8 C:\xampp\htdocs\wordpress\wp-includes\plugin.php(517): WP_Hook->do_action(Array)
#9 C:\xampp\htdocs\wordpress\wp-settings.php(555): do_action('setup_theme')
#10 C:\xampp\htdocs\wordpress\wp-config.php(96): require_once('C:\\xampp\\htdocs...')
#11 C:\xampp\htdocs\wordpress\wp-load.php(50): require_once('C:\\xampp\\htdocs...')
#12 C:\xampp\htdocs\wordpress\wp-blog-header.php(13): require_once('C:\\xampp\\htdocs...')
#13 C:\xampp\htdocs\wordpress\index.php(17): require('C:\\xampp\\htdocs...')
#14 {main}
  thrown in C:\xampp\htdocs\wordpress\wp-content\plugins\header-footer-elementor\inc\class-header-footer-elementor.php on line 385

2023-04-03T19:52:59+00:00 CRITICAL Uncaught Error: Call to a member function enqueue_styles() on null in C:\xampp\htdocs\wordpress\wp-content\plugins\header-footer-elementor\inc\class-header-footer-elementor.php:385
Stack trace:
#0 C:\xampp\htdocs\wordpress\wp-includes\class-wp-hook.php(308): Header_Footer_Elementor->enqueue_scripts('')
#1 C:\xampp\htdocs\wordpress\wp-includes\class-wp-hook.php(332): WP_Hook->apply_filters(NULL, Array)
#2 C:\xampp\htdocs\wordpress\wp-includes\plugin.php(517): WP_Hook->do_action(Array)
#3 C:\xampp\htdocs\wordpress\wp-includes\script-loader.php(2194): do_action('wp_enqueue_scri...')
#4 C:\xampp\htdocs\wordpress\wp-includes\class-wp-customize-manager.php(455): wp_enqueue_scripts()
#5 C:\xampp\htdocs\wordpress\wp-includes\class-wp-customize-manager.php(552): WP_Customize_Manager->wp_die(0, 'Non-existent ch...')
#6 C:\xampp\htdocs\wordpress\wp-includes\class-wp-hook.php(308): WP_Customize_Manager->setup_theme('')
#7 C:\xampp\htdocs\wordpress\wp-includes\class-wp-hook.php(332): WP_Hook->apply_filters(NULL, Array)
#8 C:\xampp\htdocs\wordpress\wp-includes\plugin.php(517): WP_Hook->do_action(Array)
#9 C:\xampp\htdocs\wordpress\wp-settings.php(555): do_action('setup_theme')
#10 C:\xampp\htdocs\wordpress\wp-config.php(96): require_once('C:\\xampp\\htdocs...')
#11 C:\xampp\htdocs\wordpress\wp-load.php(50): require_once('C:\\xampp\\htdocs...')
#12 C:\xampp\htdocs\wordpress\wp-blog-header.php(13): require_once('C:\\xampp\\htdocs...')
#13 C:\xampp\htdocs\wordpress\index.php(17): require('C:\\xampp\\htdocs...')
#14 {main}
  thrown in C:\xampp\htdocs\wordpress\wp-content\plugins\header-footer-elementor\inc\class-header-footer-elementor.php on line 385

2023-04-03T19:53:11+00:00 CRITICAL Uncaught Error: Call to a member function enqueue_styles() on null in C:\xampp\htdocs\wordpress\wp-content\plugins\header-footer-elementor\inc\class-header-footer-elementor.php:385
Stack trace:
#0 C:\xampp\htdocs\wordpress\wp-includes\class-wp-hook.php(308): Header_Footer_Elementor->enqueue_scripts('')
#1 C:\xampp\htdocs\wordpress\wp-includes\class-wp-hook.php(332): WP_Hook->apply_filters(NULL, Array)
#2 C:\xampp\htdocs\wordpress\wp-includes\plugin.php(517): WP_Hook->do_action(Array)
#3 C:\xampp\htdocs\wordpress\wp-includes\script-loader.php(2194): do_action('wp_enqueue_scri...')
#4 C:\xampp\htdocs\wordpress\wp-includes\class-wp-customize-manager.php(455): wp_enqueue_scripts()
#5 C:\xampp\htdocs\wordpress\wp-includes\class-wp-customize-manager.php(552): WP_Customize_Manager->wp_die(0, 'Non-existent ch...')
#6 C:\xampp\htdocs\wordpress\wp-includes\class-wp-hook.php(308): WP_Customize_Manager->setup_theme('')
#7 C:\xampp\htdocs\wordpress\wp-includes\class-wp-hook.php(332): WP_Hook->apply_filters(NULL, Array)
#8 C:\xampp\htdocs\wordpress\wp-includes\plugin.php(517): WP_Hook->do_action(Array)
#9 C:\xampp\htdocs\wordpress\wp-settings.php(555): do_action('setup_theme')
#10 C:\xampp\htdocs\wordpress\wp-config.php(96): require_once('C:\\xampp\\htdocs...')
#11 C:\xampp\htdocs\wordpress\wp-load.php(50): require_once('C:\\xampp\\htdocs...')
#12 C:\xampp\htdocs\wordpress\wp-blog-header.php(13): require_once('C:\\xampp\\htdocs...')
#13 C:\xampp\htdocs\wordpress\index.php(17): require('C:\\xampp\\htdocs...')
#14 {main}
  thrown in C:\xampp\htdocs\wordpress\wp-content\plugins\header-footer-elementor\inc\class-header-footer-elementor.php on line 385

2023-04-03T19:53:20+00:00 CRITICAL Uncaught Error: Call to a member function enqueue_styles() on null in C:\xampp\htdocs\wordpress\wp-content\plugins\header-footer-elementor\inc\class-header-footer-elementor.php:385
Stack trace:
#0 C:\xampp\htdocs\wordpress\wp-includes\class-wp-hook.php(308): Header_Footer_Elementor->enqueue_scripts('')
#1 C:\xampp\htdocs\wordpress\wp-includes\class-wp-hook.php(332): WP_Hook->apply_filters(NULL, Array)
#2 C:\xampp\htdocs\wordpress\wp-includes\plugin.php(517): WP_Hook->do_action(Array)
#3 C:\xampp\htdocs\wordpress\wp-includes\script-loader.php(2194): do_action('wp_enqueue_scri...')
#4 C:\xampp\htdocs\wordpress\wp-includes\class-wp-customize-manager.php(455): wp_enqueue_scripts()
#5 C:\xampp\htdocs\wordpress\wp-includes\class-wp-customize-manager.php(552): WP_Customize_Manager->wp_die(0, 'Non-existent ch...')
#6 C:\xampp\htdocs\wordpress\wp-includes\class-wp-hook.php(308): WP_Customize_Manager->setup_theme('')
#7 C:\xampp\htdocs\wordpress\wp-includes\class-wp-hook.php(332): WP_Hook->apply_filters(NULL, Array)
#8 C:\xampp\htdocs\wordpress\wp-includes\plugin.php(517): WP_Hook->do_action(Array)
#9 C:\xampp\htdocs\wordpress\wp-settings.php(555): do_action('setup_theme')
#10 C:\xampp\htdocs\wordpress\wp-config.php(96): require_once('C:\\xampp\\htdocs...')
#11 C:\xampp\htdocs\wordpress\wp-load.php(50): require_once('C:\\xampp\\htdocs...')
#12 C:\xampp\htdocs\wordpress\wp-blog-header.php(13): require_once('C:\\xampp\\htdocs...')
#13 C:\xampp\htdocs\wordpress\index.php(17): require('C:\\xampp\\htdocs...')
#14 {main}
  thrown in C:\xampp\htdocs\wordpress\wp-content\plugins\header-footer-elementor\inc\class-header-footer-elementor.php on line 385

